00000000 a __dldi_lma
00000000 a __end__
00000000 A __sync_synchronize
01ff8000 t __itcm_start
01ff8038 00000018 T __excpt_vectors
01ff8050 00000088 t threadReschedule
01ff80d8 000000d8 T threadBlock
01ff81b0 000000c0 T threadUnblockOneByValue
01ff8270 00000130 T threadUnblockAllByValue
01ff83a0 00000134 T threadUnblockAllByMask
01ff84d4 0000002c T armContextSave
01ff8500 00000020 T armContextLoad
01ff8504 T armContextLoadFromSvc
01ff8520 00000008 T armWaitForIrq
01ff8528 00000004 t __arm_excpt_rst
01ff852c 00000004 t __arm_excpt_pabt
01ff8530 0000000c t __arm_excpt_und
01ff853c 0000000c t __arm_excpt_dabt
01ff8548 00000030 t __excpt_entry
01ff8578 0000000c T armDrainWriteBuffer
01ff8584 00000028 T armDCacheFlushAll
01ff85ac 0000000c T armICacheInvalidateAll
01ff85b8 000000e4 t __arm_excpt_irq
01ff869c t __itcm_end
02001000 t __crt0_start
02001000 00000060 t __ds9_bootstub_trampoline
02001060 00000074 T crt0ProcessLoadList
020010d4 00000180 T crt0Startup
02001254 0000004c T crt0CopyMem32
020012a0 00000058 T crt0FillMem32
020012f8 000000b4 T crt0SetupMPU
020013c0 t __crt0_end
020013c0 t __main_start
020013c0 T _init
020013d8 00000030 T exit
02001408 0000011c T main
02001524 t __do_global_dtors_aux
02001578 t frame_dummy
020015a8 000000e0 t newRow
02001688 00000010 T consoleSelect
02001698 000000e0 T consolePrintChar
02001778 00000344 T con_write
02001abc 000002e8 T consoleLoadFont
02001da4 00000170 T consoleInit
02001f14 0000006c T scanKeys
02001f80 00000010 T keysDown
02001f90 0000006c T checkIfText
02001ffc 000000e8 T bgUpdate
020020e4 000000a8 T bgInit_call
0200218c 000000b0 T bgInitSub_call
0200223c 0000004c T sinLutLookup
02002288 00000038 T sinLerp
020022c0 00000044 T cosLerp
02002304 0000009c T threadExit
020023a0 00000010 t _threadTickTask
020023b0 00000098 T _threadInit
02002448 000000a4 T threadPrepare
020024ec 000000c8 T threadStart
020025b4 000000a0 T threadIrqWait
02002654 00000058 T threadSleepTicks
020026ac 00000028 T keypadGetState
020026d4 00000040 t _pmCallEventHandlers
02002714 000000a0 t _pmPxiThreadMain
020027b4 00000028 t _pmResetPxiHandler
020027dc 00000004 W systemUserExit
020027e0 00000004 W systemErrorExit
020027e4 00000138 T __syscall_exit
0200291c 00000058 T pmInit
02002974 000000cc T pmEnterSleep
02002a40 00000074 T pmMainLoop
02002ab4 00000058 T touchRead
02002b0c 0000001c t _tickCountIsr
02002b28 00000084 t _tickTaskSchedule.part.0.isra.0
02002bac 000000a0 T tickInit
02002c4c 0000005c T tickGetCount
02002ca8 00000110 t _tickTaskIsr
02002db8 00000144 T tickTaskStart
02002efc 00000098 T mailboxTrySend
02002f94 00000098 T mailboxRecv
0200302c 00000014 T __syscall_getreent
02003040 00000024 T __errno
02003064 00000004 T __syscall_lock_acquire
02003068 00000004 T __syscall_lock_release
0200306c 0000004c T __syscall_lock_acquire_recursive
020030b8 00000018 T __syscall_lock_release_recursive
020030d0 00000004 t _pxiMailboxHandler
020030d4 00000004 W _pxiRecvUnhandled
020030d8 00000154 t _pxiRecvIrqHandler
0200322c 00000058 T _pxiInit
02003284 00000074 T pxiSetHandler
020032f8 00000068 T pxiSetMailbox
02003360 00000038 T pxiWaitRemote
02003398 00000050 T pxiSendPacket
020033e8 00000004 W systemUserStartup
020033ec 00000104 W systemStartup
020034f0 00000064 T irqSet
02003554 000001cc t threadUpdateDynamicPrio
02003720 000001c8 t threadRemoveWaiter
020038e8 00000150 T mutexLock
02003a38 000000d0 T mutexUnlock
02003b08 T __aeabi_idiv
02003b08 00000128 T __divsi3
02003b10 t .divsi3_skip_div0_test
02003c30 00000020 T __aeabi_idivmod
02003c50 00000004 W __aeabi_idiv0
02003c50 00000004 W __aeabi_ldiv0
02003c54 T __aeabi_uldivmod
02003c90 00000140 T __udivmoddi4
02003dd0 00000028 T __clzdi2
02003df8 00000048 T __clzsi2
02003e40 00000090 T __libc_init_array
02003ed0 00000078 T siscanf
02003f48 00000804 T _malloc_r
0200474c 0000011c T _malloc_trim_r
02004868 000002fc T _free_r
02004998 a __crt0_lma
02004b64 000000f4 T memset
02004c58 00000018 T __malloc_lock
02004c70 00000018 T __malloc_unlock
02004c88 00000010 W __call_exitprocs
02004c98 0000029c T setvbuf
02004d58 a __itcm_lma
02004d58 a __loadlist_lma
02004f34 00000130 T memcpy
02005064 00000034 T iprintf
02005098 0000004c T __sread
020050e4 00000008 T __seofread
020050ec 0000006c T __swrite
02005158 00000048 T __sseek
020051a0 00000014 T __sclose
020051b4 000005fc t get_arg
020057b0 00002344 T _vfiprintf_r
02007af4 000000b8 t __sbprintf
02007bac 00000090 T strlen
02007c3c 00000054 t get_arg
02007c90 000000e8 T _sungetc_r
02007d78 00000068 T __ssrefill_r
02007de0 000000b8 T _sfread_r
02007e98 000022d4 T __ssvfiscanf_r
0200a16c 00000028 t stdio_exit_handler
0200a194 00000054 t cleanup_stdio
0200a1e8 00000158 t global_stdio_init.part.0
0200a340 00000064 T __sinit
0200a3a4 00000018 T __sfp_lock_acquire
0200a3bc 00000018 T __sfp_lock_release
0200a3d4 000001f0 t _strtoul_l.isra.0
0200a5c4 00000038 T _strtoul_r
0200a5fc 00000078 T _fwalk_sglue
0200a674 00000034 T __sprint_r
0200a6a8 00000014 T iswspace
0200a6bc 00000028 T _localeconv_r
0200a6e4 0000002c T realloc
0200a710 000000f4 T memchr
0200a804 000000ac T _wcrtomb_r
0200a8b0 00000388 t _strtol_l.part.0
0200ac38 00000070 T _strtol_r
0200aca8 00000044 T __libc_fini_array
0200acec 00000048 T malloc
0200ad34 00000024 T free
0200ad58 000000e8 T __sccl
0200ae40 00000248 T __sflush_r
0200b088 000000cc T _fflush_r
0200b154 00000168 T __smakebuf_r
0200b2bc 00000084 T __swhatbuf_r
0200b340 0000051c T _realloc_r
0200b85c 000000dc T strncpy
0200b938 00000268 t _strtoull_l.isra.0
0200bba0 00000038 T _strtoull_r
0200bbd8 0000002c T _wcsrtombs_r
0200bc04 000000d0 T _mbrtowc_r
0200bcd4 00000148 T __swsetup_r
0200be1c 000004b4 T __sfvwrite_r
0200c2d0 00000170 T memmove
0200c440 00000040 T iswspace_l
0200c480 0000014c T _fclose_r
0200c5cc 0000049c t _strtoll_l.isra.0
0200ca68 00000038 T _strtoll_r
0200caa0 00000028 T __locale_mb_cur_max
0200cac8 000000bc T __submore
0200cb84 00000188 T _memalign_r
0200cd0c 0000016c T _wcsnrtombs_l
0200ce78 00000068 T _wcsnrtombs_r
0200cee0 00000344 T __utf8_mbtowc
0200d224 00000098 T category
0200d2bc 000000f8 T __utf8_wctomb
0200d3b4 00000020 T _exit
0200d3d4 000000a0 T _fstat_r
0200d474 00000030 T __getreent
0200d4a4 0000005c T __get_handle
0200d500 00000118 T _close_r
0200d618 00000008 t null_write
0200d620 00000008 T _isatty_r
0200d628 00000098 T _lseek_r
0200d6c0 00000098 T _read_r
0200d758 00000078 W _sbrk_r
0200d7d0 00000020 T __libc_lock_acquire
0200d7f0 00000020 T __libc_lock_release
0200d810 00000020 T __libc_lock_acquire_recursive
0200d830 00000020 T __libc_lock_release_recursive
0200d850 00000098 T _write_r
0200d8e8 t .udivsi3_skip_div0_test
0200d8e8 T __aeabi_uidiv
0200d8e8 000000f4 T __udivsi3
0200d9dc 00000020 T __aeabi_uidivmod
0200d9fc T _fini
0200dbd4 00000080 t dotab_stdout
0200dc54 T default_font_bin
0200e454 T default_font_bin_end
0200e454 00000102 T SIN_LUT
0200e66c 00000010 t zeroes.0
0200e67c 00000010 t blanks.1
0200e70c 00000022 t basefix.0
0200e730 00000101 T _ctype_
0200e834 0000006c T __action_table
0200e8a0 0000006c T __state_table
0200e90c 00000100 T __chclass
0200ea0c 000035dc t categories
02011fe8 00000080 T dotab_stdnull
02012068 00000001 d firstConsoleInit.0
0201206c 00000004 D currentConsole
02012070 0000005c D defaultConsole
020120cc 00000001 d count
020120cd 00000001 d repeat
020120ce 00000001 d delay
020120d0 00000020 D bgTransform
020120f0 00000020 D bgScrollTable
02012110 00000020 D bgControl
02012130 00000004 D __malloc_sbrk_base
02012134 00000004 D __malloc_trim_threshold
02012138 00000408 D __malloc_av_
02012540 0000000c D __sglue
0201254c 00000004 D _impure_ptr
02012550 00000140 D _impure_data
02012690 0000016c D __global_locale
02012800 00001000 d handles
02013800 0000000c d __stderr_handle
0201380c 0000000c d __stdout_handle
02013818 0000000c d __stdin_handle
02013824 0000008c D devoptab_list
020138b0 r __EH_FRAME_BEGIN__
020138b0 r __FRAME_END__
020138b4 r __tls_info
020138c0 d __frame_dummy_init_array_entry
020138c0 d __init_array_start
020138c0 d __preinit_array_end
020138c0 d __preinit_array_start
020138c4 d __do_global_dtors_aux_fini_array_entry
020138c4 d __fini_array_start
020138c4 d __init_array_end
020138c8 d __fini_array_end
020138c8 d __main_end
020138c8 ? __tls_end
020138c8 ? __tls_start
020138c8 b completed.1
020138cc b object.0
020138e4 0000005c B currentCopy
02013940 00000002 b keysrepeat
02013944 00000004 b s_keypad
02013948 00000008 B bgIsTextLut
02013950 00000140 B bgState
02013a90 00000008 b s_sleepThreads
02013a98 00000008 b s_joinThreads
02013aa0 00000070 b s_idleThread
02013b10 00000070 b s_mainThread
02013b80 00000200 b s_pmPxiThreadStack
02013d80 00000070 b s_pmPxiThread
02013df0 00000008 b s_pmState
02013df8 00000004 b s_firstTask
02013e00 00000008 b s_highTickCount
02013e08 00000001 b s_tickInit
02013e0c 00000008 b s_mailboxRecvQueue
02013e14 00000004 b s_defaultErrno.0
02013e18 00000004 V __stacksize__
02013e1c 00000001 B g_isTwlMode
02013e20 000001f0 b s_pxiChannels
02014010 00000004 b s_pxiRecvState
02014014 00000008 b s_pxiRecvQueue
0201401c 00000004 b s_pxiSendMutex
02014020 00000028 B __malloc_current_mallinfo
02014048 00000004 B __malloc_max_total_mem
0201404c 00000004 B __malloc_max_sbrked_mem
02014050 00000004 B __malloc_top_pad
02014054 0000000c b __malloc_recursive_mutex
02014060 0000000c b __sfp_recursive_mutex
02014070 00000168 B __sf
020141d8 00000004 B __stdio_exit_handler
020141dc 00000004 b __hndl_lock
020141e0 00000004 B fake_heap_start
020141e4 00000004 B fake_heap_end
020141e8 00000004 b heap_start.0
020141ec b __heap_start_ntr
020141ec b __main_bss_end
02014200 r __heap_start_twl
02014200 ? __twl_bss_end
02014200 ? __twl_end
02014200 ? __twl_start
020178fc a __loadlist_start
0201792c a __loadlist_end
02400000 a __twl_lma
02400000 a __twl_loadlist_lma
02400000 a __twl_loadlist_start
0240000c a __twl_loadlist_end
02ff0000 ? __dtcm_end
02ff0000 ? __dtcm_start
02ff0000 00000080 B __irq_table
02ff0080 00000018 B __sched_state
02ff0098 b __dtcm_bss_end
02ff3e80 d __sp_usr
02ff3f80 a __sp_irq
02ff3fc0 a __sp_svc
02ff3ff8 a __irq_flags
0e000800 00000198 T __ds9_bootstub
ffff0008 a __arm_excpt_svc
